0 info it worked if it ends with ok
1 verbose cli [ '/usr/local/heroku/bin/node', '/usr/bin/npm', 'run', 'dist' ]
2 info using npm@3.10.10
3 info using node@v7.10.0
4 verbose run-script [ 'predist', 'dist', 'postdist' ]
5 info lifecycle book-notes@1.0.0~predist: book-notes@1.0.0
6 silly lifecycle book-notes@1.0.0~predist: no script for predist, continuing
7 info lifecycle book-notes@1.0.0~dist: book-notes@1.0.0
8 verbose lifecycle book-notes@1.0.0~dist: unsafe-perm in lifecycle true
9 verbose lifecycle book-notes@1.0.0~dist: PATH: /usr/lib/node_modules/npm/bin/node-gyp-bin:/home/andy/workspace/book-notes/node_modules/.bin:/home/andy/.rbenv/plugins/ruby-build/bin:/home/andy/.rbenv/shims:/home/andy/.rbenv/bin:/usr/local/heroku/bin:/home/andy/bin:/home/andy/.local/bin:/usr/local/sbin:/usr/local/bin:/usr/sbin:/usr/bin:/sbin:/bin:/usr/games:/usr/local/games:/snap/bin:/home/andy/.rvm/bin:/usr/local/go/bin:/home/andy/go/bin:/home/andy/.rvm/bin
10 verbose lifecycle book-notes@1.0.0~dist: CWD: /home/andy/workspace/book-notes
11 silly lifecycle book-notes@1.0.0~dist: Args: [ '-c', 'webpack' ]
12 silly lifecycle book-notes@1.0.0~dist: Returned: code: 2  signal: null
13 info lifecycle book-notes@1.0.0~dist: Failed to exec dist script
14 verbose stack Error: book-notes@1.0.0 dist: `webpack`
14 verbose stack Exit status 2
14 verbose stack     at EventEmitter.<anonymous> (/usr/lib/node_modules/npm/lib/utils/lifecycle.js:255:16)
14 verbose stack     at emitTwo (events.js:106:13)
14 verbose stack     at EventEmitter.emit (events.js:194:7)
14 verbose stack     at ChildProcess.<anonymous> (/usr/lib/node_modules/npm/lib/utils/spawn.js:40:14)
14 verbose stack     at emitTwo (events.js:106:13)
14 verbose stack     at ChildProcess.emit (events.js:194:7)
14 verbose stack     at maybeClose (internal/child_process.js:899:16)
14 verbose stack     at Process.ChildProcess._handle.onexit (internal/child_process.js:226:5)
15 verbose pkgid book-notes@1.0.0
16 verbose cwd /home/andy/workspace/book-notes
17 error Linux 4.4.0-96-generic
18 error argv "/usr/local/heroku/bin/node" "/usr/bin/npm" "run" "dist"
19 error node v7.10.0
20 error npm  v3.10.10
21 error code ELIFECYCLE
22 error book-notes@1.0.0 dist: `webpack`
22 error Exit status 2
23 error Failed at the book-notes@1.0.0 dist script 'webpack'.
23 error Make sure you have the latest version of node.js and npm installed.
23 error If you do, this is most likely a problem with the book-notes package,
23 error not with npm itself.
23 error Tell the author that this fails on your system:
23 error     webpack
23 error You can get information on how to open an issue for this project with:
23 error     npm bugs book-notes
23 error Or if that isn't available, you can get their info via:
23 error     npm owner ls book-notes
23 error There is likely additional logging output above.
24 verbose exit [ 1, true ]
